<?xml version="1.0" encoding="UTF-8"?>
<testsuite xmlns:xsi="http://www.w3.org/2001/XMLSchema-instance" xsi:noNamespaceSchemaLocation="https://maven.apache.org/surefire/maven-surefire-plugin/xsd/surefire-test-report.xsd" name="Filter Functionality for Search Repair Orders Verification" time="79.629" tests="3" errors="0" skipped="0" failures="0">
  <properties>
    <property name="gopherProxySet" value="false"/>
    <property name="awt.toolkit" value="sun.lwawt.macosx.LWCToolkit"/>
    <property name="java.specification.version" value="11"/>
    <property name="webdriver.chrome.driver" value="/Users/elifaydin/.m2/repository/webdriver/chromedriver/mac64/80.0.3987.106/chromedriver"/>
    <property name="sun.cpu.isalist" value=""/>
    <property name="sun.jnu.encoding" value="UTF-8"/>
    <property name="java.class.path" value="/Users/elifaydin/IdeaProjects/RepairsModule_Cucumber_CodeCrackers/2/target/test-classes:/Users/elifaydin/IdeaProjects/RepairsModule_Cucumber_CodeCrackers/2/target/classes:/Users/elifaydin/.m2/repository/org/seleniumhq/selenium/selenium-java/3.141.59/selenium-java-3.141.59.jar:/Users/elifaydin/.m2/repository/org/seleniumhq/selenium/selenium-api/3.141.59/selenium-api-3.141.59.jar:/Users/elifaydin/.m2/repository/org/seleniumhq/selenium/selenium-chrome-driver/3.141.59/selenium-chrome-driver-3.141.59.jar:/Users/elifaydin/.m2/repository/org/seleniumhq/selenium/selenium-edge-driver/3.141.59/selenium-edge-driver-3.141.59.jar:/Users/elifaydin/.m2/repository/org/seleniumhq/selenium/selenium-firefox-driver/3.141.59/selenium-firefox-driver-3.141.59.jar:/Users/elifaydin/.m2/repository/org/seleniumhq/selenium/selenium-ie-driver/3.141.59/selenium-ie-driver-3.141.59.jar:/Users/elifaydin/.m2/repository/org/seleniumhq/selenium/selenium-opera-driver/3.141.59/selenium-opera-driver-3.141.59.jar:/Users/elifaydin/.m2/repository/org/seleniumhq/selenium/selenium-remote-driver/3.141.59/selenium-remote-driver-3.141.59.jar:/Users/elifaydin/.m2/repository/org/seleniumhq/selenium/selenium-safari-driver/3.141.59/selenium-safari-driver-3.141.59.jar:/Users/elifaydin/.m2/repository/org/seleniumhq/selenium/selenium-support/3.141.59/selenium-support-3.141.59.jar:/Users/elifaydin/.m2/repository/net/bytebuddy/byte-buddy/1.8.15/byte-buddy-1.8.15.jar:/Users/elifaydin/.m2/repository/org/apache/commons/commons-exec/1.3/commons-exec-1.3.jar:/Users/elifaydin/.m2/repository/com/google/guava/guava/25.0-jre/guava-25.0-jre.jar:/Users/elifaydin/.m2/repository/com/google/code/findbugs/jsr305/1.3.9/jsr305-1.3.9.jar:/Users/elifaydin/.m2/repository/org/checkerframework/checker-compat-qual/2.0.0/checker-compat-qual-2.0.0.jar:/Users/elifaydin/.m2/repository/com/google/errorprone/error_prone_annotations/2.1.3/error_prone_annotations-2.1.3.jar:/Users/elifaydin/.m2/repository/com/google/j2objc/j2objc-annotations/1.1/j2objc-annotations-1.1.jar:/Users/elifaydin/.m2/repository/org/codehaus/mojo/animal-sniffer-annotations/1.14/animal-sniffer-annotations-1.14.jar:/Users/elifaydin/.m2/repository/com/squareup/okhttp3/okhttp/3.11.0/okhttp-3.11.0.jar:/Users/elifaydin/.m2/repository/com/squareup/okio/okio/1.14.0/okio-1.14.0.jar:/Users/elifaydin/.m2/repository/io/github/bonigarcia/webdrivermanager/3.8.0/webdrivermanager-3.8.0.jar:/Users/elifaydin/.m2/repository/org/slf4j/slf4j-api/1.7.25/slf4j-api-1.7.25.jar:/Users/elifaydin/.m2/repository/commons-io/commons-io/2.6/commons-io-2.6.jar:/Users/elifaydin/.m2/repository/com/google/code/gson/gson/2.8.5/gson-2.8.5.jar:/Users/elifaydin/.m2/repository/org/apache/commons/commons-lang3/3.8.1/commons-lang3-3.8.1.jar:/Users/elifaydin/.m2/repository/org/apache/httpcomponents/httpclient/4.5.6/httpclient-4.5.6.jar:/Users/elifaydin/.m2/repository/org/apache/httpcomponents/httpcore/4.4.10/httpcore-4.4.10.jar:/Users/elifaydin/.m2/repository/commons-logging/commons-logging/1.2/commons-logging-1.2.jar:/Users/elifaydin/.m2/repository/commons-codec/commons-codec/1.10/commons-codec-1.10.jar:/Users/elifaydin/.m2/repository/org/rauschig/jarchivelib/1.0.0/jarchivelib-1.0.0.jar:/Users/elifaydin/.m2/repository/org/apache/commons/commons-compress/1.18/commons-compress-1.18.jar:/Users/elifaydin/.m2/repository/org/jsoup/jsoup/1.11.3/jsoup-1.11.3.jar:/Users/elifaydin/.m2/repository/com/github/javafaker/javafaker/1.0.1/javafaker-1.0.1.jar:/Users/elifaydin/.m2/repository/org/yaml/snakeyaml/1.23/snakeyaml-1.23-android.jar:/Users/elifaydin/.m2/repository/com/github/mifmif/generex/1.0.2/generex-1.0.2.jar:/Users/elifaydin/.m2/repository/dk/brics/automaton/automaton/1.11-8/automaton-1.11-8.jar:/Users/elifaydin/.m2/repository/io/cucumber/cucumber-java/4.2.0/cucumber-java-4.2.0.jar:/Users/elifaydin/.m2/repository/io/cucumber/cucumber-core/4.2.0/cucumber-core-4.2.0.jar:/Users/elifaydin/.m2/repository/io/cucumber/cucumber-html/0.2.7/cucumber-html-0.2.7.jar:/Users/elifaydin/.m2/repository/io/cucumber/gherkin/5.1.0/gherkin-5.1.0.jar:/Users/elifaydin/.m2/repository/io/cucumber/tag-expressions/1.1.1/tag-expressions-1.1.1.jar:/Users/elifaydin/.m2/repository/io/cucumber/cucumber-expressions/6.2.0/cucumber-expressions-6.2.0.jar:/Users/elifaydin/.m2/repository/io/cucumber/datatable/1.1.7/datatable-1.1.7.jar:/Users/elifaydin/.m2/repository/io/cucumber/datatable-dependencies/1.1.7/datatable-dependencies-1.1.7.jar:/Users/elifaydin/.m2/repository/io/cucumber/cucumber-junit/4.2.0/cucumber-junit-4.2.0.jar:/Users/elifaydin/.m2/repository/junit/junit/4.12/junit-4.12.jar:/Users/elifaydin/.m2/repository/org/hamcrest/hamcrest-core/1.3/hamcrest-core-1.3.jar:"/>
    <property name="java.vm.vendor" value="JetBrains s.r.o"/>
    <property name="sun.arch.data.model" value="64"/>
    <property name="java.vendor.url" value="https://www.jetbrains.com/"/>
    <property name="user.timezone" value="America/Chicago"/>
    <property name="java.vm.specification.version" value="11"/>
    <property name="os.name" value="Mac OS X"/>
    <property name="sun.java.launcher" value="SUN_STANDARD"/>
    <property name="user.country" value="US"/>
    <property name="sun.boot.library.path" value="/Applications/IntelliJ IDEA CE.app/Contents/jbr/Contents/Home/lib"/>
    <property name="sun.java.command" value="/Users/elifaydin/IdeaProjects/RepairsModule_Cucumber_CodeCrackers/2/target/surefire/surefirebooter4217375421328457845.jar /Users/elifaydin/IdeaProjects/RepairsModule_Cucumber_CodeCrackers/2/target/surefire 2020-02-29T22-02-44_815-jvmRun2 surefire13191044644142240842tmp surefire_112830719289456801623tmp"/>
    <property name="http.nonProxyHosts" value="local|*.local|169.254/16|*.169.254/16"/>
    <property name="jdk.debug" value="release"/>
    <property name="surefire.test.class.path" value="/Users/elifaydin/IdeaProjects/RepairsModule_Cucumber_CodeCrackers/2/target/test-classes:/Users/elifaydin/IdeaProjects/RepairsModule_Cucumber_CodeCrackers/2/target/classes:/Users/elifaydin/.m2/repository/org/seleniumhq/selenium/selenium-java/3.141.59/selenium-java-3.141.59.jar:/Users/elifaydin/.m2/repository/org/seleniumhq/selenium/selenium-api/3.141.59/selenium-api-3.141.59.jar:/Users/elifaydin/.m2/repository/org/seleniumhq/selenium/selenium-chrome-driver/3.141.59/selenium-chrome-driver-3.141.59.jar:/Users/elifaydin/.m2/repository/org/seleniumhq/selenium/selenium-edge-driver/3.141.59/selenium-edge-driver-3.141.59.jar:/Users/elifaydin/.m2/repository/org/seleniumhq/selenium/selenium-firefox-driver/3.141.59/selenium-firefox-driver-3.141.59.jar:/Users/elifaydin/.m2/repository/org/seleniumhq/selenium/selenium-ie-driver/3.141.59/selenium-ie-driver-3.141.59.jar:/Users/elifaydin/.m2/repository/org/seleniumhq/selenium/selenium-opera-driver/3.141.59/selenium-opera-driver-3.141.59.jar:/Users/elifaydin/.m2/repository/org/seleniumhq/selenium/selenium-remote-driver/3.141.59/selenium-remote-driver-3.141.59.jar:/Users/elifaydin/.m2/repository/org/seleniumhq/selenium/selenium-safari-driver/3.141.59/selenium-safari-driver-3.141.59.jar:/Users/elifaydin/.m2/repository/org/seleniumhq/selenium/selenium-support/3.141.59/selenium-support-3.141.59.jar:/Users/elifaydin/.m2/repository/net/bytebuddy/byte-buddy/1.8.15/byte-buddy-1.8.15.jar:/Users/elifaydin/.m2/repository/org/apache/commons/commons-exec/1.3/commons-exec-1.3.jar:/Users/elifaydin/.m2/repository/com/google/guava/guava/25.0-jre/guava-25.0-jre.jar:/Users/elifaydin/.m2/repository/com/google/code/findbugs/jsr305/1.3.9/jsr305-1.3.9.jar:/Users/elifaydin/.m2/repository/org/checkerframework/checker-compat-qual/2.0.0/checker-compat-qual-2.0.0.jar:/Users/elifaydin/.m2/repository/com/google/errorprone/error_prone_annotations/2.1.3/error_prone_annotations-2.1.3.jar:/Users/elifaydin/.m2/repository/com/google/j2objc/j2objc-annotations/1.1/j2objc-annotations-1.1.jar:/Users/elifaydin/.m2/repository/org/codehaus/mojo/animal-sniffer-annotations/1.14/animal-sniffer-annotations-1.14.jar:/Users/elifaydin/.m2/repository/com/squareup/okhttp3/okhttp/3.11.0/okhttp-3.11.0.jar:/Users/elifaydin/.m2/repository/com/squareup/okio/okio/1.14.0/okio-1.14.0.jar:/Users/elifaydin/.m2/repository/io/github/bonigarcia/webdrivermanager/3.8.0/webdrivermanager-3.8.0.jar:/Users/elifaydin/.m2/repository/org/slf4j/slf4j-api/1.7.25/slf4j-api-1.7.25.jar:/Users/elifaydin/.m2/repository/commons-io/commons-io/2.6/commons-io-2.6.jar:/Users/elifaydin/.m2/repository/com/google/code/gson/gson/2.8.5/gson-2.8.5.jar:/Users/elifaydin/.m2/repository/org/apache/commons/commons-lang3/3.8.1/commons-lang3-3.8.1.jar:/Users/elifaydin/.m2/repository/org/apache/httpcomponents/httpclient/4.5.6/httpclient-4.5.6.jar:/Users/elifaydin/.m2/repository/org/apache/httpcomponents/httpcore/4.4.10/httpcore-4.4.10.jar:/Users/elifaydin/.m2/repository/commons-logging/commons-logging/1.2/commons-logging-1.2.jar:/Users/elifaydin/.m2/repository/commons-codec/commons-codec/1.10/commons-codec-1.10.jar:/Users/elifaydin/.m2/repository/org/rauschig/jarchivelib/1.0.0/jarchivelib-1.0.0.jar:/Users/elifaydin/.m2/repository/org/apache/commons/commons-compress/1.18/commons-compress-1.18.jar:/Users/elifaydin/.m2/repository/org/jsoup/jsoup/1.11.3/jsoup-1.11.3.jar:/Users/elifaydin/.m2/repository/com/github/javafaker/javafaker/1.0.1/javafaker-1.0.1.jar:/Users/elifaydin/.m2/repository/org/yaml/snakeyaml/1.23/snakeyaml-1.23-android.jar:/Users/elifaydin/.m2/repository/com/github/mifmif/generex/1.0.2/generex-1.0.2.jar:/Users/elifaydin/.m2/repository/dk/brics/automaton/automaton/1.11-8/automaton-1.11-8.jar:/Users/elifaydin/.m2/repository/io/cucumber/cucumber-java/4.2.0/cucumber-java-4.2.0.jar:/Users/elifaydin/.m2/repository/io/cucumber/cucumber-core/4.2.0/cucumber-core-4.2.0.jar:/Users/elifaydin/.m2/repository/io/cucumber/cucumber-html/0.2.7/cucumber-html-0.2.7.jar:/Users/elifaydin/.m2/repository/io/cucumber/gherkin/5.1.0/gherkin-5.1.0.jar:/Users/elifaydin/.m2/repository/io/cucumber/tag-expressions/1.1.1/tag-expressions-1.1.1.jar:/Users/elifaydin/.m2/repository/io/cucumber/cucumber-expressions/6.2.0/cucumber-expressions-6.2.0.jar:/Users/elifaydin/.m2/repository/io/cucumber/datatable/1.1.7/datatable-1.1.7.jar:/Users/elifaydin/.m2/repository/io/cucumber/datatable-dependencies/1.1.7/datatable-dependencies-1.1.7.jar:/Users/elifaydin/.m2/repository/io/cucumber/cucumber-junit/4.2.0/cucumber-junit-4.2.0.jar:/Users/elifaydin/.m2/repository/junit/junit/4.12/junit-4.12.jar:/Users/elifaydin/.m2/repository/org/hamcrest/hamcrest-core/1.3/hamcrest-core-1.3.jar:"/>
    <property name="sun.cpu.endian" value="little"/>
    <property name="user.home" value="/Users/elifaydin"/>
    <property name="user.language" value="en"/>
    <property name="java.specification.vendor" value="Oracle Corporation"/>
    <property name="java.version.date" value="2019-04-16"/>
    <property name="idea.version2019.2.2" value="true"/>
    <property name="java.home" value="/Applications/IntelliJ IDEA CE.app/Contents/jbr/Contents/Home"/>
    <property name="file.separator" value="/"/>
    <property name="basedir" value="/Users/elifaydin/IdeaProjects/RepairsModule_Cucumber_CodeCrackers/2"/>
    <property name="java.vm.compressedOopsMode" value="Zero based"/>
    <property name="line.separator" value="&#10;"/>
    <property name="java.specification.name" value="Java Platform API Specification"/>
    <property name="java.vm.specification.vendor" value="Oracle Corporation"/>
    <property name="java.awt.graphicsenv" value="sun.awt.CGraphicsEnvironment"/>
    <property name="surefire.real.class.path" value="/Users/elifaydin/IdeaProjects/RepairsModule_Cucumber_CodeCrackers/2/target/surefire/surefirebooter4217375421328457845.jar"/>
    <property name="sun.management.compiler" value="HotSpot 64-Bit Tiered Compilers"/>
    <property name="ftp.nonProxyHosts" value="local|*.local|169.254/16|*.169.254/16"/>
    <property name="java.runtime.version" value="11.0.3+12-b304.56"/>
    <property name="user.name" value="elifaydin"/>
    <property name="path.separator" value=":"/>
    <property name="os.version" value="10.12.6"/>
    <property name="java.runtime.name" value="OpenJDK Runtime Environment"/>
    <property name="file.encoding" value="UTF-8"/>
    <property name="java.vm.name" value="OpenJDK 64-Bit Server VM"/>
    <property name="localRepository" value="/Users/elifaydin/.m2/repository"/>
    <property name="java.vendor.url.bug" value="https://youtrack.jetbrains.com"/>
    <property name="java.io.tmpdir" value="/var/folders/wc/49yvv7391gbbdgc3hq_fvpbw0000gp/T/"/>
    <property name="java.version" value="11.0.3"/>
    <property name="user.dir" value="/Users/elifaydin/IdeaProjects/RepairsModule_Cucumber_CodeCrackers/2"/>
    <property name="os.arch" value="x86_64"/>
    <property name="java.vm.specification.name" value="Java Virtual Machine Specification"/>
    <property name="java.awt.printerjob" value="sun.lwawt.macosx.CPrinterJob"/>
    <property name="sun.os.patch.level" value="unknown"/>
    <property name="java.library.path" value="/Users/elifaydin/Library/Java/Extensions:/Library/Java/Extensions:/Network/Library/Java/Extensions:/System/Library/Java/Extensions:/usr/lib/java:."/>
    <property name="java.vendor" value="JetBrains s.r.o"/>
    <property name="java.vm.info" value="mixed mode"/>
    <property name="java.vm.version" value="11.0.3+12-b304.56"/>
    <property name="sun.io.unicode.encoding" value="UnicodeBig"/>
    <property name="java.class.version" value="55.0"/>
    <property name="socksNonProxyHosts" value="local|*.local|169.254/16|*.169.254/16"/>
  </properties>
  <testcase name="COD-196 Quotations Filter for Repair Orders Verification" classname="Filter Functionality for Search Repair Orders Verification" time="28.849"/>
  <testcase name="COD-223 Confirmed Filter for Repair Orders Verification" classname="Filter Functionality for Search Repair Orders Verification" time="25.8"/>
  <testcase name="COD-226 Ready to Repair Filter for Repair Orders Verification" classname="Filter Functionality for Search Repair Orders Verification" time="24.972"/>
</testsuite>